{"C:\\Users\\WorkHorse\\Documents\\Development\\shopify-hmac-validation\\index.test.js":{"path":"C:\\Users\\WorkHorse\\Documents\\Development\\shopify-hmac-validation\\index.test.js","s":{"1":1,"2":1,"3":1,"4":1,"5":1,"6":1,"7":1,"8":1,"9":1,"10":1,"11":1,"12":1,"13":1,"14":1,"15":1,"16":1},"b":{},"f":{},"fnMap":{},"statementMap":{"1":{"start":{"line":1,"column":0},"end":{"line":1,"column":44}},"2":{"start":{"line":2,"column":0},"end":{"line":2,"column":28}},"3":{"start":{"line":4,"column":0},"end":{"line":4,"column":28}},"4":{"start":{"line":6,"column":0},"end":{"line":10,"column":1}},"5":{"start":{"line":12,"column":0},"end":{"line":12,"column":127}},"6":{"start":{"line":13,"column":0},"end":{"line":13,"column":125}},"7":{"start":{"line":15,"column":0},"end":{"line":19,"column":1}},"8":{"start":{"line":21,"column":0},"end":{"line":40,"column":2}},"9":{"start":{"line":23,"column":1},"end":{"line":25,"column":3}},"10":{"start":{"line":24,"column":2},"end":{"line":24,"column":61}},"11":{"start":{"line":27,"column":1},"end":{"line":29,"column":3}},"12":{"start":{"line":28,"column":2},"end":{"line":28,"column":69}},"13":{"start":{"line":31,"column":1},"end":{"line":33,"column":3}},"14":{"start":{"line":32,"column":2},"end":{"line":32,"column":70}},"15":{"start":{"line":35,"column":1},"end":{"line":37,"column":3}},"16":{"start":{"line":36,"column":2},"end":{"line":36,"column":73}}},"branchMap":{}}}