{"C:\\Users\\WorkHorse\\Documents\\Development\\shopify-hmac-validation\\index.test.js":{"path":"C:\\Users\\WorkHorse\\Documents\\Development\\shopify-hmac-validation\\index.test.js","s":{"1":1,"2":1,"3":1,"4":1,"5":1,"6":1,"7":1,"8":1,"9":1,"10":1,"11":1,"12":1,"13":1,"14":1,"15":1,"16":1,"17":1,"18":1,"19":1,"20":1,"21":1,"22":1,"23":1,"24":1,"25":1,"26":1,"27":1,"28":1,"29":1,"30":1,"31":1,"32":1},"b":{},"f":{},"fnMap":{},"statementMap":{"1":{"start":{"line":1,"column":0},"end":{"line":1,"column":87}},"2":{"start":{"line":3,"column":0},"end":{"line":3,"column":28}},"3":{"start":{"line":5,"column":0},"end":{"line":5,"column":28}},"4":{"start":{"line":7,"column":0},"end":{"line":11,"column":1}},"5":{"start":{"line":13,"column":0},"end":{"line":13,"column":127}},"6":{"start":{"line":14,"column":0},"end":{"line":14,"column":125}},"7":{"start":{"line":16,"column":0},"end":{"line":20,"column":1}},"8":{"start":{"line":22,"column":0},"end":{"line":41,"column":2}},"9":{"start":{"line":24,"column":1},"end":{"line":26,"column":3}},"10":{"start":{"line":25,"column":2},"end":{"line":25,"column":61}},"11":{"start":{"line":28,"column":1},"end":{"line":30,"column":3}},"12":{"start":{"line":29,"column":2},"end":{"line":29,"column":69}},"13":{"start":{"line":32,"column":1},"end":{"line":34,"column":3}},"14":{"start":{"line":33,"column":2},"end":{"line":33,"column":70}},"15":{"start":{"line":36,"column":1},"end":{"line":38,"column":3}},"16":{"start":{"line":37,"column":2},"end":{"line":37,"column":73}},"17":{"start":{"line":44,"column":0},"end":{"line":44,"column":271}},"18":{"start":{"line":45,"column":0},"end":{"line":45,"column":62}},"19":{"start":{"line":47,"column":0},"end":{"line":65,"column":2}},"20":{"start":{"line":49,"column":1},"end":{"line":51,"column":3}},"21":{"start":{"line":50,"column":2},"end":{"line":50,"column":132}},"22":{"start":{"line":53,"column":1},"end":{"line":55,"column":3}},"23":{"start":{"line":54,"column":2},"end":{"line":54,"column":128}},"24":{"start":{"line":57,"column":1},"end":{"line":59,"column":3}},"25":{"start":{"line":58,"column":2},"end":{"line":58,"column":128}},"26":{"start":{"line":61,"column":1},"end":{"line":63,"column":3}},"27":{"start":{"line":62,"column":2},"end":{"line":62,"column":111}},"28":{"start":{"line":67,"column":0},"end":{"line":67,"column":44}},"29":{"start":{"line":68,"column":0},"end":{"line":68,"column":44}},"30":{"start":{"line":70,"column":0},"end":{"line":76,"column":2}},"31":{"start":{"line":72,"column":1},"end":{"line":74,"column":3}},"32":{"start":{"line":73,"column":2},"end":{"line":73,"column":74}}},"branchMap":{}}}